2025-09-12 14:14:07,761 - INFO - ====== WebDriver manager ======
2025-09-12 14:14:09,991 - INFO - Get LATEST chromedriver version for google-chrome
2025-09-12 14:14:10,212 - INFO - Get LATEST chromedriver version for google-chrome
2025-09-12 14:14:10,370 - INFO - Driver [C:\Users\svega\.wdm\drivers\chromedriver\win64\140.0.7339.82\chromedriver-win32/chromedriver.exe] found in cache
2025-09-12 14:14:13,066 - INFO - Driver de Chrome iniciado exitosamente.
2025-09-12 14:14:15,090 - INFO - Conexión exitosa a Google Sheets.
2025-09-12 14:14:30,111 - INFO - Navegando a la página de Asana.
2025-09-12 14:14:31,170 - INFO - Correo ingresado.
2025-09-12 14:14:31,502 - INFO - Botón 'Continue' clickeado.
2025-09-12 14:14:33,115 - INFO - Contraseña ingresada.
2025-09-12 14:14:33,265 - INFO - Botón 'Log in' clickeado.
2025-09-12 14:14:33,268 - INFO - Login completado.
2025-09-12 14:14:33,502 - INFO - Portafolio leído: Sprint 199 - 25 Noviembre 2024 al 06 Diciembre 2024
2025-09-12 14:14:33,502 - INFO - Proyectos leídos: ['Proyecto 199 -', 'Soporte 199 -']
2025-09-12 14:14:33,503 - INFO - Procesando equipo: Team prueba
2025-09-12 14:14:49,067 - INFO - Equipo 'Team prueba' seleccionado.
2025-09-12 14:14:51,956 - INFO - Menú 'More actions' abierto.
2025-09-12 14:14:52,475 - INFO - Opción 'Crear un portafolio nuevo' seleccionada.
2025-09-12 14:14:58,401 - INFO - Nombre del portafolio ingresado: Sprint 199 - 25 Noviembre 2024 al 06 Diciembre 2024
2025-09-12 14:14:59,044 - INFO - Botón 'Continuar' para portafolio clickeado.
2025-09-12 14:14:59,877 - INFO - Opción 'Comparte con compañeros de equipo' seleccionada.
2025-09-12 14:15:01,128 - INFO - Portafolio 'Sprint 199 - 25 Noviembre 2024 al 06 Diciembre 2024' creado y accedido exitosamente.
2025-09-12 14:15:04,758 - WARNING - Elemento para correo 'santiago.vega.cop@gmail.com' se refrescó. Reintentando...
2025-09-12 14:15:09,758 - INFO - Correo 'david.forero.cop@gmail.com' ingresado y confirmado.
2025-09-12 14:15:16,751 - INFO - Correo 'santiago.vega.cop@gmail.com' ingresado y confirmado.
2025-09-12 14:15:27,467 - INFO - Botón 'Invitar' clickeado. Invitaciones enviadas.
2025-09-12 14:15:30,582 - INFO - Portafolio 'Sprint 199 - 25 Noviembre 2024 al 06 Diciembre 2024' creado. Guardado en fila 6.
2025-09-12 14:15:30,790 - INFO - Menú 'More actions' abierto para proyecto.
2025-09-12 14:15:31,287 - INFO - Opción 'Crear un proyecto nuevo' seleccionada.
2025-09-12 14:15:32,540 - INFO - Tipo 'Proyecto en blanco' seleccionado.
2025-09-12 14:15:34,083 - INFO - Nombre del proyecto ingresado: Proyecto 199 - Prueba
2025-09-12 14:15:34,401 - INFO - Botón 'Continuar' para proyecto clickeado.
2025-09-12 14:15:35,730 - INFO - Proyecto 'Proyecto 199 - Prueba' creado exitosamente.
2025-09-12 14:15:41,155 - INFO - Regresando al portafolio 'Sprint 199 - 25 Noviembre 2024 al 06 Diciembre 2024'.
2025-09-12 14:15:45,150 - INFO - Proyecto 'Proyecto 199 - Prueba' creado. Guardado en fila 7.
2025-09-12 14:15:45,474 - INFO - Menú 'More actions' abierto para proyecto.
2025-09-12 14:15:46,411 - INFO - Opción 'Crear un proyecto nuevo' seleccionada.
2025-09-12 14:15:47,213 - INFO - Tipo 'Proyecto en blanco' seleccionado.
2025-09-12 14:15:48,853 - INFO - Nombre del proyecto ingresado: Soporte 199 - Prueba
2025-09-12 14:15:49,437 - INFO - Botón 'Continuar' para proyecto clickeado.
2025-09-12 14:15:49,954 - INFO - Proyecto 'Soporte 199 - Prueba' creado exitosamente.
2025-09-12 14:15:55,154 - INFO - Regresando al portafolio 'Sprint 199 - 25 Noviembre 2024 al 06 Diciembre 2024'.
2025-09-12 14:16:09,840 - WARNING - Retrying (Retry(total=2, connect=None, read=None, redirect=None, status=None)) after connection broken by 'NewConnectionError('<urllib3.connection.HTTPConnection object at 0x000001449C6AAC10>: Failed to establish a new connection: [WinError 10061] No connection could be made because the target machine actively refused it')': /session/44ae5c61a094187e391eac9c2e5ddd35
2025-09-12 14:22:09,738 - INFO - ====== WebDriver manager ======
2025-09-12 14:22:11,920 - INFO - Get LATEST chromedriver version for google-chrome
2025-09-12 14:22:12,103 - INFO - Get LATEST chromedriver version for google-chrome
2025-09-12 14:22:12,260 - INFO - Driver [C:\Users\svega\.wdm\drivers\chromedriver\win64\140.0.7339.82\chromedriver-win32/chromedriver.exe] found in cache
2025-09-12 14:22:14,605 - INFO - Driver de Chrome iniciado exitosamente.
2025-09-12 14:22:16,058 - INFO - Conexión exitosa a Google Sheets.
2025-09-12 14:22:23,342 - INFO - Navegando a la página de Asana.
2025-09-12 14:22:24,032 - INFO - Correo ingresado.
2025-09-12 14:22:24,190 - INFO - Botón 'Continue' clickeado.
2025-09-12 14:22:24,952 - INFO - Contraseña ingresada.
2025-09-12 14:22:25,040 - INFO - Botón 'Log in' clickeado.
2025-09-12 14:22:25,040 - INFO - Login completado.
2025-09-12 14:22:25,279 - INFO - Portafolio leído: Sprint 199 - 25 Noviembre 2024 al 06 Diciembre 2024
2025-09-12 14:22:25,279 - INFO - Proyectos leídos: ['Proyecto 199 -', 'Soporte 199 -']
2025-09-12 14:22:25,279 - INFO - Procesando equipo: Team prueba
2025-09-12 14:22:37,722 - INFO - Equipo 'Team prueba' seleccionado.
2025-09-12 14:22:40,627 - INFO - Menú 'More actions' abierto.
2025-09-12 14:22:43,047 - INFO - Opción 'Crear un portafolio nuevo' seleccionada.
2025-09-12 14:22:46,973 - INFO - Nombre del portafolio ingresado: Sprint 199 - 25 Noviembre 2024 al 06 Diciembre 2024
2025-09-12 14:22:47,563 - INFO - Botón 'Continuar' para portafolio clickeado.
2025-09-12 14:22:48,128 - INFO - Opción 'Comparte con compañeros de equipo' seleccionada.
2025-09-12 14:22:48,815 - INFO - Portafolio 'Sprint 199 - 25 Noviembre 2024 al 06 Diciembre 2024' creado y accedido exitosamente.
2025-09-12 14:22:53,044 - WARNING - Elemento para correo 'santiago.vega.cop@gmail.com' se refrescó. Reintentando...
2025-09-12 14:22:58,196 - INFO - Correo 'david.forero.cop@gmail.com' ingresado y confirmado.
2025-09-12 14:23:03,937 - INFO - Correo 'santiago.vega.cop@gmail.com' ingresado y confirmado.
2025-09-12 14:23:14,597 - INFO - Botón 'Invitar' clickeado. Invitaciones enviadas.
2025-09-12 14:23:18,084 - INFO - Portafolio 'Sprint 199 - 25 Noviembre 2024 al 06 Diciembre 2024' creado. Guardado en fila 6.
2025-09-12 14:23:18,277 - INFO - Menú 'More actions' abierto para proyecto.
2025-09-12 14:23:18,756 - INFO - Opción 'Crear un proyecto nuevo' seleccionada.
2025-09-12 14:23:19,774 - INFO - Tipo 'Proyecto en blanco' seleccionado.
2025-09-12 14:23:20,571 - INFO - Nombre del proyecto ingresado: Proyecto 199 - Prueba
2025-09-12 14:23:20,747 - INFO - Botón 'Continuar' para proyecto clickeado.
2025-09-12 14:23:21,197 - INFO - Proyecto 'Proyecto 199 - Prueba' creado exitosamente.
2025-09-12 14:23:26,452 - INFO - Regresando al portafolio 'Sprint 199 - 25 Noviembre 2024 al 06 Diciembre 2024'.
2025-09-12 14:23:30,328 - INFO - Proyecto 'Proyecto 199 - Prueba' creado. Guardado en fila 7.
2025-09-12 14:23:30,477 - INFO - Menú 'More actions' abierto para proyecto.
2025-09-12 14:23:30,783 - INFO - Opción 'Crear un proyecto nuevo' seleccionada.
2025-09-12 14:23:31,545 - INFO - Tipo 'Proyecto en blanco' seleccionado.
2025-09-12 14:23:32,207 - INFO - Nombre del proyecto ingresado: Soporte 199 - Prueba
2025-09-12 14:23:32,356 - INFO - Botón 'Continuar' para proyecto clickeado.
2025-09-12 14:23:32,976 - INFO - Proyecto 'Soporte 199 - Prueba' creado exitosamente.
2025-09-12 14:23:38,206 - INFO - Regresando al portafolio 'Sprint 199 - 25 Noviembre 2024 al 06 Diciembre 2024'.
2025-09-12 14:23:41,957 - INFO - Proyecto 'Soporte 199 - Prueba' creado. Guardado en fila 8.
2025-09-12 14:23:44,219 - INFO - Procesando equipo: Team QA
2025-09-12 14:23:44,580 - INFO - Equipo 'Team QA' seleccionado.
2025-09-12 14:23:45,502 - INFO - Menú 'More actions' abierto.
2025-09-12 14:23:45,841 - INFO - Opción 'Crear un portafolio nuevo' seleccionada.
2025-09-12 14:23:49,370 - INFO - Nombre del portafolio ingresado: Sprint 199 - 25 Noviembre 2024 al 06 Diciembre 2024
2025-09-12 14:23:49,938 - INFO - Botón 'Continuar' para portafolio clickeado.
2025-09-12 14:23:50,511 - INFO - Opción 'Comparte con compañeros de equipo' seleccionada.
2025-09-12 14:23:51,134 - INFO - Portafolio 'Sprint 199 - 25 Noviembre 2024 al 06 Diciembre 2024' creado y accedido exitosamente.
2025-09-12 14:23:55,430 - WARNING - Elemento para correo 'david.forero.cop@gmail.com' se refrescó. Reintentando...
2025-09-12 14:24:00,315 - INFO - Correo 'santiago.vega.cop@gmail.com' ingresado y confirmado.
2025-09-12 14:24:10,913 - INFO - Botón 'Invitar' clickeado. Invitaciones enviadas.
2025-09-12 14:24:13,621 - INFO - Portafolio 'Sprint 199 - 25 Noviembre 2024 al 06 Diciembre 2024' creado. Guardado en fila 10.
2025-09-12 14:24:13,749 - INFO - Menú 'More actions' abierto para proyecto.
2025-09-12 14:24:14,181 - INFO - Opción 'Crear un proyecto nuevo' seleccionada.
2025-09-12 14:24:14,894 - INFO - Tipo 'Proyecto en blanco' seleccionado.
2025-09-12 14:24:15,504 - INFO - Nombre del proyecto ingresado: Proyecto 199 - QA
2025-09-12 14:24:15,629 - INFO - Botón 'Continuar' para proyecto clickeado.
2025-09-12 14:24:16,000 - INFO - Proyecto 'Proyecto 199 - QA' creado exitosamente.
2025-09-12 14:24:21,208 - INFO - Regresando al portafolio 'Sprint 199 - 25 Noviembre 2024 al 06 Diciembre 2024'.
2025-09-12 14:24:24,964 - INFO - Proyecto 'Proyecto 199 - QA' creado. Guardado en fila 11.
2025-09-12 14:24:25,105 - INFO - Menú 'More actions' abierto para proyecto.
2025-09-12 14:24:25,479 - INFO - Opción 'Crear un proyecto nuevo' seleccionada.
2025-09-12 14:24:26,371 - INFO - Tipo 'Proyecto en blanco' seleccionado.
2025-09-12 14:24:27,016 - INFO - Nombre del proyecto ingresado: Soporte 199 - QA
2025-09-12 14:24:27,245 - INFO - Botón 'Continuar' para proyecto clickeado.
2025-09-12 14:24:27,767 - INFO - Proyecto 'Soporte 199 - QA' creado exitosamente.
2025-09-12 14:24:33,325 - INFO - Regresando al portafolio 'Sprint 199 - 25 Noviembre 2024 al 06 Diciembre 2024'.
2025-09-12 14:24:37,117 - INFO - Proyecto 'Soporte 199 - QA' creado. Guardado en fila 12.
2025-09-12 14:24:39,515 - INFO - Procesamiento completado para todos los teams.
2025-09-12 14:24:39,517 - INFO - Automatización completada exitosamente para todos los equipos y proyectos.
2025-09-12 14:24:42,942 - INFO - Driver cerrado.
